2018-11-29 14:52:06,862 - root - INFO - **************************************************
2018-11-29 14:52:06,862 - root - INFO - outsideJob测试
2018-11-29 14:52:06,862 - root - INFO - 请求的地址为：http://mobile-application.mofanghr.com/member/outsideJob/search.json
2018-11-29 14:52:06,863 - root - INFO - 请求的Header为：{'cookie': ''}
2018-11-29 14:52:06,863 - root - INFO - 请求的Params为：{'version': '3.9.0', 'params': '{"appkey":"","jobID":"1"}'}
2018-11-29 14:52:06,863 - root - INFO - 请求方法为 get
2018-11-29 14:52:06,884 - root - ERROR - Expecting value: line 1 column 1 (char 0)
2018-11-29 14:52:06,884 - root - INFO - 断言结果是 False--原因-->来源未传
2018-11-29 14:52:06,888 - root - INFO - **************************************************
2018-11-29 14:52:06,888 - root - INFO - outsideJob测试
2018-11-29 14:52:06,888 - root - INFO - 请求的地址为：http://mobile-application.mofanghr.com/member/outsideJob/search.json
2018-11-29 14:52:06,889 - root - INFO - 请求的Header为：{'cookie': ''}
2018-11-29 14:52:06,889 - root - INFO - 请求的Params为：{'version': '3.9.0', 'params': '{"appkey":"","jobID":"100"}'}
2018-11-29 14:52:06,889 - root - INFO - 请求方法为 get
2018-11-29 14:52:06,907 - root - ERROR - Expecting value: line 1 column 1 (char 0)
2018-11-29 14:52:06,907 - root - INFO - 断言结果是 False--原因-->ID超出范围
2018-11-29 14:52:06,912 - root - INFO - **************************************************
2018-11-29 14:52:06,912 - root - INFO - outsideJob测试
2018-11-29 14:52:06,912 - root - INFO - 请求的地址为：http://mobile-application.mofanghr.com/member/outsideJob/search.json
2018-11-29 14:52:06,912 - root - INFO - 请求的Header为：{'cookie': ''}
2018-11-29 14:52:06,912 - root - INFO - 请求的Params为：{'version': '3.9.0', 'params': '{"appkey":"SHENG","jobID":""}'}
2018-11-29 14:52:06,913 - root - INFO - 请求方法为 get
2018-11-29 14:52:06,939 - root - ERROR - Expecting value: line 1 column 1 (char 0)
2018-11-29 14:52:06,940 - root - INFO - 断言结果是 False--原因-->ID未传
2018-11-29 14:52:06,944 - root - INFO - **************************************************
2018-11-29 14:52:06,944 - root - INFO - outsideJob测试
2018-11-29 14:52:06,944 - root - INFO - 请求的地址为：http://mobile-application.mofanghr.com/member/outsideJob/search.json
2018-11-29 14:52:06,944 - root - INFO - 请求的Header为：{'cookie': ''}
2018-11-29 14:52:06,945 - root - INFO - 请求的Params为：{'version': '3.9.0', 'params': '{"appkey":"","jobID":""}'}
2018-11-29 14:52:06,945 - root - INFO - 请求方法为 get
2018-11-29 14:52:06,965 - root - ERROR - Expecting value: line 1 column 1 (char 0)
2018-11-29 14:52:06,965 - root - INFO - 断言结果是 False--原因-->参数未传
2018-11-29 14:52:06,970 - root - INFO - **************************************************
2018-11-29 14:52:06,970 - root - INFO - outsideJob测试
2018-11-29 14:52:06,970 - root - INFO - 请求的地址为：http://mobile-application.mofanghr.com/member/outsideJob/search.json
2018-11-29 14:52:06,971 - root - INFO - 请求的Header为：{'cookie': ''}
2018-11-29 14:52:06,971 - root - INFO - 请求的Params为：{'version': '3.9.0', 'params': '{"appkey":"DHFASD","jobID":""}'}
2018-11-29 14:52:06,971 - root - INFO - 请求方法为 get
2018-11-29 14:52:06,996 - root - ERROR - Expecting value: line 1 column 1 (char 0)
2018-11-29 14:52:06,996 - root - INFO - 断言结果是 False--原因-->来源有误
2018-11-29 14:52:07,000 - root - INFO - **************************************************
2018-11-29 14:52:07,001 - root - INFO - outsideJob测试
2018-11-29 14:52:07,001 - root - INFO - 请求的地址为：http://mobile-application.mofanghr.com/member/outsideJob/search.json
2018-11-29 14:52:07,001 - root - INFO - 请求的Header为：{'cookie': ''}
2018-11-29 14:52:07,001 - root - INFO - 请求的Params为：{'version': '3.9.0', 'params': '{"appkey":"SHENG","jobID":"1"}'}
2018-11-29 14:52:07,002 - root - INFO - 请求方法为 get
2018-11-29 14:52:07,011 - root - ERROR - Expecting value: line 1 column 1 (char 0)
2018-11-29 14:52:07,011 - root - INFO - 断言结果是 False--原因-->成功
